# JRE version: OpenJDK Runtime Environment (8.0_242-b01) (build 1.8.0_242-release-1644-b01)
# Java VM: OpenJDK 64-Bit Server VM (25.242-b01 mixed mode windows-amd64 compressed oops)
Heap:
 PSYoungGen      total 310272K, used 272016K [0x00000000d5580000, 0x00000000f4d80000, 0x0000000100000000)
  eden space 154624K, 100% used [0x00000000d5580000,0x00000000dec80000,0x00000000dec80000)
  from space 155648K, 75% used [0x00000000dec80000,0x00000000e5f24398,0x00000000e8480000)
  to   space 167424K, 6% used [0x00000000eaa00000,0x00000000eb4158f8,0x00000000f4d80000)
 ParOldGen       total 531968K, used 383418K [0x0000000080000000, 0x00000000a0780000, 0x00000000d5580000)
  object space 531968K, 72% used [0x0000000080000000,0x0000000097670880,0x00000000a0780000)
 Metaspace       used 133491K, capacity 139236K, committed 141248K, reserved 1171456K
  class space    used 16872K, capacity 18014K, committed 18432K, reserved 1048576K
GC Heap History (10 events):
Event: 2535.809 GC heap before
{Heap before GC invocations=34 (full 6):
 PSYoungGen      total 226816K, used 173056K [0x00000000d5580000, 0x00000000edc00000, 0x0000000100000000)
  eden space 173056K, 100% used [0x00000000d5580000,0x00000000dfe80000,0x00000000dfe80000)
  from space 53760K, 0% used [0x00000000e5780000,0x00000000e5780000,0x00000000e8c00000)
  to   space 91136K, 0% used [0x00000000dfe80000,0x00000000dfe80000,0x00000000e5780000)
 ParOldGen       total 531968K, used 299791K [0x0000000080000000, 0x00000000a0780000, 0x00000000d5580000)
  object space 531968K, 56% used [0x0000000080000000,0x00000000924c3ee0,0x00000000a0780000)
 Metaspace       used 132286K, capacity 137876K, committed 139968K, reserved 1171456K
  class space    used 16792K, capacity 17934K, committed 18432K, reserved 1048576K
Event: 2535.883 GC heap after
Heap after GC invocations=34 (full 6):
 PSYoungGen      total 264192K, used 40904K [0x00000000d5580000, 0x00000000eb500000, 0x0000000100000000)
  eden space 173056K, 0% used [0x00000000d5580000,0x00000000d5580000,0x00000000dfe80000)
  from space 91136K, 44% used [0x00000000dfe80000,0x00000000e26722d8,0x00000000e5780000)
  to   space 87552K, 0% used [0x00000000e5f80000,0x00000000e5f80000,0x00000000eb500000)
 ParOldGen       total 531968K, used 299799K [0x0000000080000000, 0x00000000a0780000, 0x00000000d5580000)
  object space 531968K, 56% used [0x0000000080000000,0x00000000924c5ee0,0x00000000a0780000)
 Metaspace       used 132286K, capacity 137876K, committed 139968K, reserved 1171456K
  class space    used 16792K, capacity 17934K, committed 18432K, reserved 1048576K
}
Event: 2538.095 GC heap before
{Heap before GC invocations=35 (full 6):
 PSYoungGen      total 264192K, used 213960K [0x00000000d5580000, 0x00000000eb500000, 0x0000000100000000)
  eden space 173056K, 100% used [0x00000000d5580000,0x00000000dfe80000,0x00000000dfe80000)
  from space 91136K, 44% used [0x00000000dfe80000,0x00000000e26722d8,0x00000000e5780000)
  to   space 87552K, 0% used [0x00000000e5f80000,0x00000000e5f80000,0x00000000eb500000)
 ParOldGen       total 531968K, used 299799K [0x0000000080000000, 0x00000000a0780000, 0x00000000d5580000)
  object space 531968K, 56% used [0x0000000080000000,0x00000000924c5ee0,0x00000000a0780000)
 Metaspace       used 133121K, capacity 138852K, committed 140736K, reserved 1171456K
  class space    used 16869K, capacity 18014K, committed 18432K, reserved 1048576K
Event: 2538.322 GC heap after
Heap after GC invocations=35 (full 6):
 PSYoungGen      total 254464K, used 87523K [0x00000000d5580000, 0x00000000edb00000, 0x0000000100000000)
  eden space 166912K, 0% used [0x00000000d5580000,0x00000000d5580000,0x00000000df880000)
  from space 87552K, 99% used [0x00000000e5f80000,0x00000000eb4f8d08,0x00000000eb500000)
  to   space 105472K, 0% used [0x00000000df880000,0x00000000df880000,0x00000000e5f80000)
 ParOldGen       total 531968K, used 310609K [0x0000000080000000, 0x00000000a0780000, 0x00000000d5580000)
  object space 531968K, 58% used [0x0000000080000000,0x0000000092f54758,0x00000000a0780000)
 Metaspace       used 133121K, capacity 138852K, committed 140736K, reserved 1171456K
  class space    used 16869K, capacity 18014K, committed 18432K, reserved 1048576K
}
Event: 2538.805 GC heap before
{Heap before GC invocations=36 (full 6):
 PSYoungGen      total 254464K, used 254435K [0x00000000d5580000, 0x00000000edb00000, 0x0000000100000000)
  eden space 166912K, 100% used [0x00000000d5580000,0x00000000df880000,0x00000000df880000)
  from space 87552K, 99% used [0x00000000e5f80000,0x00000000eb4f8d08,0x00000000eb500000)
  to   space 105472K, 0% used [0x00000000df880000,0x00000000df880000,0x00000000e5f80000)
 ParOldGen       total 531968K, used 310609K [0x0000000080000000, 0x00000000a0780000, 0x00000000d5580000)
  object space 531968K, 58% used [0x0000000080000000,0x0000000092f54758,0x00000000a0780000)
 Metaspace       used 133219K, capacity 138916K, committed 140992K, reserved 1171456K
  class space    used 16871K, capacity 18014K, committed 18432K, reserved 1048576K
Event: 2538.903 GC heap after
Heap after GC invocations=36 (full 6):
 PSYoungGen      total 272384K, used 105464K [0x00000000d5580000, 0x00000000efe00000, 0x0000000100000000)
  eden space 166912K, 0% used [0x00000000d5580000,0x00000000d5580000,0x00000000df880000)
  from space 105472K, 99% used [0x00000000df880000,0x00000000e5f7e030,0x00000000e5f80000)
  to   space 124416K, 0% used [0x00000000e8480000,0x00000000e8480000,0x00000000efe00000)
 ParOldGen       total 531968K, used 315889K [0x0000000080000000, 0x00000000a0780000, 0x00000000d5580000)
  object space 531968K, 59% used [0x0000000080000000,0x000000009347c758,0x00000000a0780000)
 Metaspace       used 133219K, capacity 138916K, committed 140992K, reserved 1171456K
  class space    used 16871K, capacity 18014K, committed 18432K, reserved 1048576K
}
Event: 2539.546 GC heap before
{Heap before GC invocations=37 (full 6):
 PSYoungGen      total 272384K, used 272376K [0x00000000d5580000, 0x00000000efe00000, 0x0000000100000000)
  eden space 166912K, 100% used [0x00000000d5580000,0x00000000df880000,0x00000000df880000)
  from space 105472K, 99% used [0x00000000df880000,0x00000000e5f7e030,0x00000000e5f80000)
  to   space 124416K, 0% used [0x00000000e8480000,0x00000000e8480000,0x00000000efe00000)
 ParOldGen       total 531968K, used 315889K [0x0000000080000000, 0x00000000a0780000, 0x00000000d5580000)
  object space 531968K, 59% used [0x0000000080000000,0x000000009347c758,0x00000000a0780000)
 Metaspace       used 133275K, capacity 139044K, committed 140992K, reserved 1171456K
  class space    used 16871K, capacity 18014K, committed 18432K, reserved 1048576K
Event: 2540.355 GC heap after
Heap after GC invocations=37 (full 6):
 PSYoungGen      total 279040K, used 124399K [0x00000000d5580000, 0x00000000f4580000, 0x0000000100000000)
  eden space 154624K, 0% used [0x00000000d5580000,0x00000000d5580000,0x00000000dec80000)
  from space 124416K, 99% used [0x00000000e8480000,0x00000000efdfbdd8,0x00000000efe00000)
  to   space 155648K, 0% used [0x00000000dec80000,0x00000000dec80000,0x00000000e8480000)
 ParOldGen       total 531968K, used 345194K [0x0000000080000000, 0x00000000a0780000, 0x00000000d5580000)
  object space 531968K, 64% used [0x0000000080000000,0x000000009511aa10,0x00000000a0780000)
 Metaspace       used 133275K, capacity 139044K, committed 140992K, reserved 1171456K
  class space    used 16871K, capacity 18014K, committed 18432K, reserved 1048576K
}
Event: 2542.151 GC heap before
{Heap before GC invocations=38 (full 6):
 PSYoungGen      total 279040K, used 276738K [0x00000000d5580000, 0x00000000f4580000, 0x0000000100000000)
  eden space 154624K, 98% used [0x00000000d5580000,0x00000000dea44b20,0x00000000dec80000)
  from space 124416K, 99% used [0x00000000e8480000,0x00000000efdfbdd8,0x00000000efe00000)
  to   space 155648K, 0% used [0x00000000dec80000,0x00000000dec80000,0x00000000e8480000)
 ParOldGen       total 531968K, used 345194K [0x0000000080000000, 0x00000000a0780000, 0x00000000d5580000)
  object space 531968K, 64% used [0x0000000080000000,0x000000009511aa10,0x00000000a0780000)
 Metaspace       used 133393K, capacity 139044K, committed 140992K, reserved 1171456K
  class space    used 16871K, capacity 18014K, committed 18432K, reserved 1048576K
Event: 2542.468 GC heap after
Heap after GC invocations=38 (full 6):
 PSYoungGen      total 310272K, used 117392K [0x00000000d5580000, 0x00000000f4d80000, 0x0000000100000000)
  eden space 154624K, 0% used [0x00000000d5580000,0x00000000d5580000,0x00000000dec80000)
  from space 155648K, 75% used [0x00000000dec80000,0x00000000e5f24398,0x00000000e8480000)
  to   space 167424K, 0% used [0x00000000eaa00000,0x00000000eaa00000,0x00000000f4d80000)
 ParOldGen       total 531968K, used 372657K [0x0000000080000000, 0x00000000a0780000, 0x00000000d5580000)
  object space 531968K, 70% used [0x0000000080000000,0x0000000096bec498,0x00000000a0780000)
 Metaspace       used 133393K, capacity 139044K, committed 140992K, reserved 1171456K
  class space    used 16871K, capacity 18014K, committed 18432K, reserved 1048576K
}

