# JRE version: OpenJDK Runtime Environment (8.0_242-b01) (build 1.8.0_242-release-1644-b01)
# Java VM: OpenJDK 64-Bit Server VM (25.242-b01 mixed mode windows-amd64 compressed oops)
Heap:
 PSYoungGen      total 407552K, used 375545K [0x00000000d5580000, 0x00000000f3980000, 0x0000000100000000)
  eden space 332800K, 100% used [0x00000000d5580000,0x00000000e9a80000,0x00000000e9a80000)
  from space 74752K, 57% used [0x00000000e9a80000,0x00000000ec43e6b0,0x00000000ee380000)
  to   space 76288K, 48% used [0x00000000eef00000,0x00000000f12e0378,0x00000000f3980000)
 ParOldGen       total 166400K, used 81035K [0x0000000080000000, 0x000000008a280000, 0x00000000d5580000)
  object space 166400K, 48% used [0x0000000080000000,0x0000000084f22cf0,0x000000008a280000)
 Metaspace       used 90034K, capacity 94722K, committed 94936K, reserved 1130496K
  class space    used 12019K, capacity 12947K, committed 13056K, reserved 1048576K
GC Heap History (10 events):
Event: 40.031 GC heap after
Heap after GC invocations=22 (full 6):
 PSYoungGen      total 363008K, used 145765K [0x00000000d5580000, 0x00000000f5a00000, 0x0000000100000000)
  eden space 332800K, 43% used [0x00000000d5580000,0x00000000de3d9670,0x00000000e9a80000)
  from space 30208K, 0% used [0x00000000ee380000,0x00000000ee380000,0x00000000f0100000)
  to   space 74752K, 0% used [0x00000000e9a80000,0x00000000e9a80000,0x00000000ee380000)
 ParOldGen       total 166400K, used 166294K [0x0000000080000000, 0x000000008a280000, 0x00000000d5580000)
  object space 166400K, 99% used [0x0000000080000000,0x000000008a265850,0x000000008a280000)
 Metaspace       used 80241K, capacity 84034K, committed 84184K, reserved 1122304K
  class space    used 10938K, capacity 11741K, committed 11776K, reserved 1048576K
}
Event: 40.673 GC heap before
{Heap before GC invocations=23 (full 7):
 PSYoungGen      total 363008K, used 332800K [0x00000000d5580000, 0x00000000f5a00000, 0x0000000100000000)
  eden space 332800K, 100% used [0x00000000d5580000,0x00000000e9a80000,0x00000000e9a80000)
  from space 30208K, 0% used [0x00000000ee380000,0x00000000ee380000,0x00000000f0100000)
  to   space 74752K, 0% used [0x00000000e9a80000,0x00000000e9a80000,0x00000000ee380000)
 ParOldGen       total 166400K, used 166294K [0x0000000080000000, 0x000000008a280000, 0x00000000d5580000)
  object space 166400K, 99% used [0x0000000080000000,0x000000008a265850,0x000000008a280000)
 Metaspace       used 80312K, capacity 84104K, committed 84184K, reserved 1122304K
  class space    used 10939K, capacity 11742K, committed 11776K, reserved 1048576K
Event: 43.089 GC heap after
Heap after GC invocations=23 (full 7):
 PSYoungGen      total 363008K, used 164015K [0x00000000d5580000, 0x00000000f5a00000, 0x0000000100000000)
  eden space 332800K, 49% used [0x00000000d5580000,0x00000000df5abe38,0x00000000e9a80000)
  from space 30208K, 0% used [0x00000000ee380000,0x00000000ee380000,0x00000000f0100000)
  to   space 74752K, 0% used [0x00000000e9a80000,0x00000000e9a80000,0x00000000ee380000)
 ParOldGen       total 166400K, used 165996K [0x0000000080000000, 0x000000008a280000, 0x00000000d5580000)
  object space 166400K, 99% used [0x0000000080000000,0x000000008a21b218,0x000000008a280000)
 Metaspace       used 80312K, capacity 84104K, committed 84184K, reserved 1122304K
  class space    used 10939K, capacity 11742K, committed 11776K, reserved 1048576K
}
Event: 44.162 GC heap before
{Heap before GC invocations=24 (full 8):
 PSYoungGen      total 363008K, used 327832K [0x00000000d5580000, 0x00000000f5a00000, 0x0000000100000000)
  eden space 332800K, 98% used [0x00000000d5580000,0x00000000e95a6270,0x00000000e9a80000)
  from space 30208K, 0% used [0x00000000ee380000,0x00000000ee380000,0x00000000f0100000)
  to   space 74752K, 0% used [0x00000000e9a80000,0x00000000e9a80000,0x00000000ee380000)
 ParOldGen       total 166400K, used 165996K [0x0000000080000000, 0x000000008a280000, 0x00000000d5580000)
  object space 166400K, 99% used [0x0000000080000000,0x000000008a21b218,0x000000008a280000)
 Metaspace       used 80524K, capacity 84386K, committed 84568K, reserved 1122304K
  class space    used 10962K, capacity 11779K, committed 11904K, reserved 1048576K
Event: 45.003 GC heap after
Heap after GC invocations=24 (full 8):
 PSYoungGen      total 363008K, used 174575K [0x00000000d5580000, 0x00000000f5a00000, 0x0000000100000000)
  eden space 332800K, 52% used [0x00000000d5580000,0x00000000dfffbf10,0x00000000e9a80000)
  from space 30208K, 0% used [0x00000000ee380000,0x00000000ee380000,0x00000000f0100000)
  to   space 74752K, 0% used [0x00000000e9a80000,0x00000000e9a80000,0x00000000ee380000)
 ParOldGen       total 166400K, used 165996K [0x0000000080000000, 0x000000008a280000, 0x00000000d5580000)
  object space 166400K, 99% used [0x0000000080000000,0x000000008a21b0c0,0x000000008a280000)
 Metaspace       used 80524K, capacity 84386K, committed 84568K, reserved 1122304K
  class space    used 10962K, capacity 11779K, committed 11904K, reserved 1048576K
}
Event: 46.485 GC heap before
{Heap before GC invocations=25 (full 9):
 PSYoungGen      total 363008K, used 332791K [0x00000000d5580000, 0x00000000f5a00000, 0x0000000100000000)
  eden space 332800K, 99% used [0x00000000d5580000,0x00000000e9a7dee0,0x00000000e9a80000)
  from space 30208K, 0% used [0x00000000ee380000,0x00000000ee380000,0x00000000f0100000)
  to   space 74752K, 0% used [0x00000000e9a80000,0x00000000e9a80000,0x00000000ee380000)
 ParOldGen       total 166400K, used 165996K [0x0000000080000000, 0x000000008a280000, 0x00000000d5580000)
  object space 166400K, 99% used [0x0000000080000000,0x000000008a21b0c0,0x000000008a280000)
 Metaspace       used 81528K, capacity 85444K, committed 85592K, reserved 1122304K
  class space    used 11048K, capacity 11852K, committed 11904K, reserved 1048576K
Event: 46.749 GC heap after
Heap after GC invocations=25 (full 9):
 PSYoungGen      total 363008K, used 0K [0x00000000d5580000, 0x00000000f5a00000, 0x0000000100000000)
  eden space 332800K, 0% used [0x00000000d5580000,0x00000000d5580000,0x00000000e9a80000)
  from space 30208K, 0% used [0x00000000ee380000,0x00000000ee380000,0x00000000f0100000)
  to   space 74752K, 0% used [0x00000000e9a80000,0x00000000e9a80000,0x00000000ee380000)
 ParOldGen       total 166400K, used 81015K [0x0000000080000000, 0x000000008a280000, 0x00000000d5580000)
  object space 166400K, 48% used [0x0000000080000000,0x0000000084f1df20,0x000000008a280000)
 Metaspace       used 81528K, capacity 85444K, committed 85592K, reserved 1122304K
  class space    used 11048K, capacity 11852K, committed 11904K, reserved 1048576K
}
Event: 53.177 GC heap before
{Heap before GC invocations=26 (full 9):
 PSYoungGen      total 363008K, used 332800K [0x00000000d5580000, 0x00000000f5a00000, 0x0000000100000000)
  eden space 332800K, 100% used [0x00000000d5580000,0x00000000e9a80000,0x00000000e9a80000)
  from space 30208K, 0% used [0x00000000ee380000,0x00000000ee380000,0x00000000f0100000)
  to   space 74752K, 0% used [0x00000000e9a80000,0x00000000e9a80000,0x00000000ee380000)
 ParOldGen       total 166400K, used 81015K [0x0000000080000000, 0x000000008a280000, 0x00000000d5580000)
  object space 166400K, 48% used [0x0000000080000000,0x0000000084f1df20,0x000000008a280000)
 Metaspace       used 87698K, capacity 92086K, committed 92376K, reserved 1128448K
  class space    used 11833K, capacity 12707K, committed 12800K, reserved 1048576K
Event: 53.243 GC heap after
Heap after GC invocations=26 (full 9):
 PSYoungGen      total 407552K, used 42745K [0x00000000d5580000, 0x00000000f3980000, 0x0000000100000000)
  eden space 332800K, 0% used [0x00000000d5580000,0x00000000d5580000,0x00000000e9a80000)
  from space 74752K, 57% used [0x00000000e9a80000,0x00000000ec43e6b0,0x00000000ee380000)
  to   space 76288K, 0% used [0x00000000eef00000,0x00000000eef00000,0x00000000f3980000)
 ParOldGen       total 166400K, used 81023K [0x0000000080000000, 0x000000008a280000, 0x00000000d5580000)
  object space 166400K, 48% used [0x0000000080000000,0x0000000084f1ff20,0x000000008a280000)
 Metaspace       used 87698K, capacity 92086K, committed 92376K, reserved 1128448K
  class space    used 11833K, capacity 12707K, committed 12800K, reserved 1048576K
}
Event: 58.292 GC heap before
{Heap before GC invocations=27 (full 9):
 PSYoungGen      total 407552K, used 375545K [0x00000000d5580000, 0x00000000f3980000, 0x0000000100000000)
  eden space 332800K, 100% used [0x00000000d5580000,0x00000000e9a80000,0x00000000e9a80000)
  from space 74752K, 57% used [0x00000000e9a80000,0x00000000ec43e6b0,0x00000000ee380000)
  to   space 76288K, 0% used [0x00000000eef00000,0x00000000eef00000,0x00000000f3980000)
 ParOldGen       total 166400K, used 81035K [0x0000000080000000, 0x000000008a280000, 0x00000000d5580000)
  object space 166400K, 48% used [0x0000000080000000,0x0000000084f22cf0,0x000000008a280000)
 Metaspace       used 90034K, capacity 94722K, committed 94936K, reserved 1130496K
  class space    used 12019K, capacity 12947K, committed 13056K, reserved 1048576K

