# JRE version: OpenJDK Runtime Environment (8.0_242-b01) (build 1.8.0_242-release-1644-b01)
# Java VM: OpenJDK 64-Bit Server VM (25.242-b01 mixed mode windows-amd64 compressed oops)
Heap:
 PSYoungGen      total 373760K, used 111091K [0x00000000d5580000, 0x00000000f3300000, 0x0000000100000000)
  eden space 304128K, 24% used [0x00000000d5580000,0x00000000d9ce2ba0,0x00000000e7e80000)
  from space 69632K, 54% used [0x00000000e7e80000,0x00000000ea39a1a8,0x00000000ec280000)
  to   space 69632K, 0% used [0x00000000eef00000,0x00000000eef00000,0x00000000f3300000)
 ParOldGen       total 237056K, used 191919K [0x0000000080000000, 0x000000008e780000, 0x00000000d5580000)
  object space 237056K, 80% used [0x0000000080000000,0x000000008bb6bce8,0x000000008e780000)
 Metaspace       used 106071K, capacity 111156K, committed 111448K, reserved 1146880K
  class space    used 13633K, capacity 14620K, committed 14720K, reserved 1048576K
GC Heap History (10 events):
Event: 97.051 GC heap before
{Heap before GC invocations=23 (full 4):
 PSYoungGen      total 279552K, used 28135K [0x00000000d5580000, 0x00000000ed200000, 0x0000000100000000)
  eden space 251392K, 0% used [0x00000000d5580000,0x00000000d5580000,0x00000000e4b00000)
  from space 28160K, 99% used [0x00000000e4b00000,0x00000000e6679df8,0x00000000e6680000)
  to   space 50688K, 0% used [0x00000000ea080000,0x00000000ea080000,0x00000000ed200000)
 ParOldGen       total 124928K, used 124894K [0x0000000080000000, 0x0000000087a00000, 0x00000000d5580000)
  object space 124928K, 99% used [0x0000000080000000,0x00000000879f7970,0x0000000087a00000)
 Metaspace       used 86351K, capacity 89838K, committed 90200K, reserved 1128448K
  class space    used 11326K, capacity 12057K, committed 12160K, reserved 1048576K
Event: 97.837 GC heap after
Heap after GC invocations=23 (full 4):
 PSYoungGen      total 279552K, used 12195K [0x00000000d5580000, 0x00000000ed200000, 0x0000000100000000)
  eden space 251392K, 0% used [0x00000000d5580000,0x00000000d5580000,0x00000000e4b00000)
  from space 28160K, 43% used [0x00000000e4b00000,0x00000000e56e8f70,0x00000000e6680000)
  to   space 50688K, 0% used [0x00000000ea080000,0x00000000ea080000,0x00000000ed200000)
 ParOldGen       total 237056K, used 124534K [0x0000000080000000, 0x000000008e780000, 0x00000000d5580000)
  object space 237056K, 52% used [0x0000000080000000,0x000000008799d848,0x000000008e780000)
 Metaspace       used 86324K, capacity 89754K, committed 90200K, reserved 1128448K
  class space    used 11318K, capacity 12043K, committed 12160K, reserved 1048576K
}
Event: 107.152 GC heap before
{Heap before GC invocations=24 (full 4):
 PSYoungGen      total 279552K, used 263587K [0x00000000d5580000, 0x00000000ed200000, 0x0000000100000000)
  eden space 251392K, 100% used [0x00000000d5580000,0x00000000e4b00000,0x00000000e4b00000)
  from space 28160K, 43% used [0x00000000e4b00000,0x00000000e56e8f70,0x00000000e6680000)
  to   space 50688K, 0% used [0x00000000ea080000,0x00000000ea080000,0x00000000ed200000)
 ParOldGen       total 237056K, used 124534K [0x0000000080000000, 0x000000008e780000, 0x00000000d5580000)
  object space 237056K, 52% used [0x0000000080000000,0x000000008799d848,0x000000008e780000)
 Metaspace       used 86695K, capacity 90238K, committed 90712K, reserved 1128448K
  class space    used 11337K, capacity 12049K, committed 12160K, reserved 1048576K
Event: 107.236 GC heap after
Heap after GC invocations=24 (full 4):
 PSYoungGen      total 334848K, used 14436K [0x00000000d5580000, 0x00000000ecd80000, 0x0000000100000000)
  eden space 288768K, 0% used [0x00000000d5580000,0x00000000d5580000,0x00000000e6f80000)
  from space 46080K, 31% used [0x00000000ea080000,0x00000000eae991e0,0x00000000ecd80000)
  to   space 48128K, 0% used [0x00000000e6f80000,0x00000000e6f80000,0x00000000e9e80000)
 ParOldGen       total 237056K, used 136326K [0x0000000080000000, 0x000000008e780000, 0x00000000d5580000)
  object space 237056K, 57% used [0x0000000080000000,0x0000000088521a18,0x000000008e780000)
 Metaspace       used 86695K, capacity 90238K, committed 90712K, reserved 1128448K
  class space    used 11337K, capacity 12049K, committed 12160K, reserved 1048576K
}
Event: 179.013 GC heap before
{Heap before GC invocations=25 (full 4):
 PSYoungGen      total 334848K, used 303204K [0x00000000d5580000, 0x00000000ecd80000, 0x0000000100000000)
  eden space 288768K, 100% used [0x00000000d5580000,0x00000000e6f80000,0x00000000e6f80000)
  from space 46080K, 31% used [0x00000000ea080000,0x00000000eae991e0,0x00000000ecd80000)
  to   space 48128K, 0% used [0x00000000e6f80000,0x00000000e6f80000,0x00000000e9e80000)
 ParOldGen       total 237056K, used 136326K [0x0000000080000000, 0x000000008e780000, 0x00000000d5580000)
  object space 237056K, 57% used [0x0000000080000000,0x0000000088521a18,0x000000008e780000)
 Metaspace       used 90586K, capacity 94298K, committed 94552K, reserved 1132544K
  class space    used 11603K, capacity 12345K, committed 12416K, reserved 1048576K
Event: 179.079 GC heap after
Heap after GC invocations=25 (full 4):
 PSYoungGen      total 336896K, used 28671K [0x00000000d5580000, 0x00000000ef280000, 0x0000000100000000)
  eden space 288768K, 0% used [0x00000000d5580000,0x00000000d5580000,0x00000000e6f80000)
  from space 48128K, 59% used [0x00000000e6f80000,0x00000000e8b7fc70,0x00000000e9e80000)
  to   space 49152K, 0% used [0x00000000ec280000,0x00000000ec280000,0x00000000ef280000)
 ParOldGen       total 237056K, used 136334K [0x0000000080000000, 0x000000008e780000, 0x00000000d5580000)
  object space 237056K, 57% used [0x0000000080000000,0x0000000088523a18,0x000000008e780000)
 Metaspace       used 90586K, capacity 94298K, committed 94552K, reserved 1132544K
  class space    used 11603K, capacity 12345K, committed 12416K, reserved 1048576K
}
Event: 182.665 GC heap before
{Heap before GC invocations=26 (full 4):
 PSYoungGen      total 336896K, used 317439K [0x00000000d5580000, 0x00000000ef280000, 0x0000000100000000)
  eden space 288768K, 100% used [0x00000000d5580000,0x00000000e6f80000,0x00000000e6f80000)
  from space 48128K, 59% used [0x00000000e6f80000,0x00000000e8b7fc70,0x00000000e9e80000)
  to   space 49152K, 0% used [0x00000000ec280000,0x00000000ec280000,0x00000000ef280000)
 ParOldGen       total 237056K, used 136334K [0x0000000080000000, 0x000000008e780000, 0x00000000d5580000)
  object space 237056K, 57% used [0x0000000080000000,0x0000000088523a18,0x000000008e780000)
 Metaspace       used 94533K, capacity 98324K, committed 98520K, reserved 1134592K
  class space    used 11965K, capacity 12720K, committed 12800K, reserved 1048576K
Event: 182.777 GC heap after
Heap after GC invocations=26 (full 4):
 PSYoungGen      total 353280K, used 49146K [0x00000000d5580000, 0x00000000f2580000, 0x0000000100000000)
  eden space 304128K, 0% used [0x00000000d5580000,0x00000000d5580000,0x00000000e7e80000)
  from space 49152K, 99% used [0x00000000ec280000,0x00000000ef27ebd0,0x00000000ef280000)
  to   space 69632K, 0% used [0x00000000e7e80000,0x00000000e7e80000,0x00000000ec280000)
 ParOldGen       total 237056K, used 169354K [0x0000000080000000, 0x000000008e780000, 0x00000000d5580000)
  object space 237056K, 71% used [0x0000000080000000,0x000000008a562958,0x000000008e780000)
 Metaspace       used 94533K, capacity 98324K, committed 98520K, reserved 1134592K
  class space    used 11965K, capacity 12720K, committed 12800K, reserved 1048576K
}
Event: 192.557 GC heap before
{Heap before GC invocations=27 (full 4):
 PSYoungGen      total 353280K, used 353274K [0x00000000d5580000, 0x00000000f2580000, 0x0000000100000000)
  eden space 304128K, 100% used [0x00000000d5580000,0x00000000e7e80000,0x00000000e7e80000)
  from space 49152K, 99% used [0x00000000ec280000,0x00000000ef27ebd0,0x00000000ef280000)
  to   space 69632K, 0% used [0x00000000e7e80000,0x00000000e7e80000,0x00000000ec280000)
 ParOldGen       total 237056K, used 169354K [0x0000000080000000, 0x000000008e780000, 0x00000000d5580000)
  object space 237056K, 71% used [0x0000000080000000,0x000000008a562958,0x000000008e780000)
 Metaspace       used 104090K, capacity 108716K, committed 109016K, reserved 1144832K
  class space    used 13385K, capacity 14298K, committed 14336K, reserved 1048576K
Event: 192.632 GC heap after
Heap after GC invocations=27 (full 4):
 PSYoungGen      total 373760K, used 37992K [0x00000000d5580000, 0x00000000f3300000, 0x0000000100000000)
  eden space 304128K, 0% used [0x00000000d5580000,0x00000000d5580000,0x00000000e7e80000)
  from space 69632K, 54% used [0x00000000e7e80000,0x00000000ea39a1a8,0x00000000ec280000)
  to   space 69632K, 0% used [0x00000000eef00000,0x00000000eef00000,0x00000000f3300000)
 ParOldGen       total 237056K, used 191919K [0x0000000080000000, 0x000000008e780000, 0x00000000d5580000)
  object space 237056K, 80% used [0x0000000080000000,0x000000008bb6bce8,0x000000008e780000)
 Metaspace       used 104090K, capacity 108716K, committed 109016K, reserved 1144832K
  class space    used 13385K, capacity 14298K, committed 14336K, reserved 1048576K
}

