# JRE version: OpenJDK Runtime Environment (8.0_242-b01) (build 1.8.0_242-release-1644-b01)
# Java VM: OpenJDK 64-Bit Server VM (25.242-b01 mixed mode windows-amd64 compressed oops)
Heap:
 PSYoungGen      total 583680K, used 133214K [0x00000000d5580000, 0x0000000100000000, 0x0000000100000000)
  eden space 522752K, 13% used [0x00000000d5580000,0x00000000d9c1d720,0x00000000f5400000)
  from space 60928K, 99% used [0x00000000fc400000,0x00000000fff7a1d8,0x00000000fff80000)
  to   space 88064K, 0% used [0x00000000f5400000,0x00000000f5400000,0x00000000faa00000)
 ParOldGen       total 387072K, used 324555K [0x0000000080000000, 0x0000000097a00000, 0x00000000d5580000)
  object space 387072K, 83% used [0x0000000080000000,0x0000000093cf2d70,0x0000000097a00000)
 Metaspace       used 211573K, capacity 222550K, committed 228416K, reserved 1249280K
  class space    used 26349K, capacity 28471K, committed 29528K, reserved 1048576K
GC Heap History (10 events):
Event: 40565.419 GC heap before
{Heap before GC invocations=170 (full 16):
 PSYoungGen      total 628224K, used 590548K [0x00000000d5580000, 0x0000000100000000, 0x0000000100000000)
  eden space 557568K, 100% used [0x00000000d5580000,0x00000000f7600000,0x00000000f7600000)
  from space 70656K, 46% used [0x00000000f7600000,0x00000000f96352c8,0x00000000fbb00000)
  to   space 69120K, 0% used [0x00000000fbc80000,0x00000000fbc80000,0x0000000100000000)
 ParOldGen       total 387072K, used 220673K [0x0000000080000000, 0x0000000097a00000, 0x00000000d5580000)
  object space 387072K, 57% used [0x0000000080000000,0x000000008d780468,0x0000000097a00000)
 Metaspace       used 211553K, capacity 222532K, committed 228416K, reserved 1249280K
  class space    used 26347K, capacity 28468K, committed 29528K, reserved 1048576K
Event: 40565.674 GC heap after
Heap after GC invocations=170 (full 16):
 PSYoungGen      total 618496K, used 26665K [0x00000000d5580000, 0x00000000ff680000, 0x0000000100000000)
  eden space 559104K, 0% used [0x00000000d5580000,0x00000000d5580000,0x00000000f7780000)
  from space 59392K, 44% used [0x00000000fbc80000,0x00000000fd68a7a8,0x00000000ff680000)
  to   space 65024K, 0% used [0x00000000f7780000,0x00000000f7780000,0x00000000fb700000)
 ParOldGen       total 387072K, used 244633K [0x0000000080000000, 0x0000000097a00000, 0x00000000d5580000)
  object space 387072K, 63% used [0x0000000080000000,0x000000008eee6528,0x0000000097a00000)
 Metaspace       used 211553K, capacity 222532K, committed 228416K, reserved 1249280K
  class space    used 26347K, capacity 28468K, committed 29528K, reserved 1048576K
}
Event: 40566.638 GC heap before
{Heap before GC invocations=171 (full 16):
 PSYoungGen      total 618496K, used 585769K [0x00000000d5580000, 0x00000000ff680000, 0x0000000100000000)
  eden space 559104K, 100% used [0x00000000d5580000,0x00000000f7780000,0x00000000f7780000)
  from space 59392K, 44% used [0x00000000fbc80000,0x00000000fd68a7a8,0x00000000ff680000)
  to   space 65024K, 0% used [0x00000000f7780000,0x00000000f7780000,0x00000000fb700000)
 ParOldGen       total 387072K, used 244633K [0x0000000080000000, 0x0000000097a00000, 0x00000000d5580000)
  object space 387072K, 63% used [0x0000000080000000,0x000000008eee6528,0x0000000097a00000)
 Metaspace       used 211557K, capacity 222538K, committed 228416K, reserved 1249280K
  class space    used 26348K, capacity 28469K, committed 29528K, reserved 1048576K
Event: 40566.765 GC heap after
Heap after GC invocations=171 (full 16):
 PSYoungGen      total 624128K, used 11897K [0x00000000d5580000, 0x0000000100000000, 0x0000000100000000)
  eden space 559104K, 0% used [0x00000000d5580000,0x00000000d5580000,0x00000000f7780000)
  from space 65024K, 18% used [0x00000000f7780000,0x00000000f831e7e8,0x00000000fb700000)
  to   space 63488K, 0% used [0x00000000fc200000,0x00000000fc200000,0x0000000100000000)
 ParOldGen       total 387072K, used 266354K [0x0000000080000000, 0x0000000097a00000, 0x00000000d5580000)
  object space 387072K, 68% used [0x0000000080000000,0x000000009041c978,0x0000000097a00000)
 Metaspace       used 211557K, capacity 222538K, committed 228416K, reserved 1249280K
  class space    used 26348K, capacity 28469K, committed 29528K, reserved 1048576K
}
Event: 40567.983 GC heap before
{Heap before GC invocations=172 (full 16):
 PSYoungGen      total 624128K, used 571001K [0x00000000d5580000, 0x0000000100000000, 0x0000000100000000)
  eden space 559104K, 100% used [0x00000000d5580000,0x00000000f7780000,0x00000000f7780000)
  from space 65024K, 18% used [0x00000000f7780000,0x00000000f831e7e8,0x00000000fb700000)
  to   space 63488K, 0% used [0x00000000fc200000,0x00000000fc200000,0x0000000100000000)
 ParOldGen       total 387072K, used 266354K [0x0000000080000000, 0x0000000097a00000, 0x00000000d5580000)
  object space 387072K, 68% used [0x0000000080000000,0x000000009041c978,0x0000000097a00000)
 Metaspace       used 211561K, capacity 222538K, committed 228416K, reserved 1249280K
  class space    used 26348K, capacity 28469K, committed 29528K, reserved 1048576K
Event: 40568.039 GC heap after
Heap after GC invocations=172 (full 16):
 PSYoungGen      total 630272K, used 7443K [0x00000000d5580000, 0x00000000ffc80000, 0x0000000100000000)
  eden space 570368K, 0% used [0x00000000d5580000,0x00000000d5580000,0x00000000f8280000)
  from space 59904K, 12% used [0x00000000fc200000,0x00000000fc944c28,0x00000000ffc80000)
  to   space 62464K, 0% used [0x00000000f8280000,0x00000000f8280000,0x00000000fbf80000)
 ParOldGen       total 387072K, used 274280K [0x0000000080000000, 0x0000000097a00000, 0x00000000d5580000)
  object space 387072K, 70% used [0x0000000080000000,0x0000000090bda040,0x0000000097a00000)
 Metaspace       used 211561K, capacity 222538K, committed 228416K, reserved 1249280K
  class space    used 26348K, capacity 28469K, committed 29528K, reserved 1048576K
}
Event: 40569.393 GC heap before
{Heap before GC invocations=173 (full 16):
 PSYoungGen      total 630272K, used 577811K [0x00000000d5580000, 0x00000000ffc80000, 0x0000000100000000)
  eden space 570368K, 100% used [0x00000000d5580000,0x00000000f8280000,0x00000000f8280000)
  from space 59904K, 12% used [0x00000000fc200000,0x00000000fc944c28,0x00000000ffc80000)
  to   space 62464K, 0% used [0x00000000f8280000,0x00000000f8280000,0x00000000fbf80000)
 ParOldGen       total 387072K, used 274280K [0x0000000080000000, 0x0000000097a00000, 0x00000000d5580000)
  object space 387072K, 70% used [0x0000000080000000,0x0000000090bda040,0x0000000097a00000)
 Metaspace       used 211562K, capacity 222538K, committed 228416K, reserved 1249280K
  class space    used 26348K, capacity 28469K, committed 29528K, reserved 1048576K
Event: 40569.434 GC heap after
Heap after GC invocations=173 (full 16):
 PSYoungGen      total 632832K, used 10000K [0x00000000d5580000, 0x00000000fff80000, 0x0000000100000000)
  eden space 570368K, 0% used [0x00000000d5580000,0x00000000d5580000,0x00000000f8280000)
  from space 62464K, 16% used [0x00000000f8280000,0x00000000f8c44010,0x00000000fbf80000)
  to   space 60928K, 0% used [0x00000000fc400000,0x00000000fc400000,0x00000000fff80000)
 ParOldGen       total 387072K, used 280518K [0x0000000080000000, 0x0000000097a00000, 0x00000000d5580000)
  object space 387072K, 72% used [0x0000000080000000,0x00000000911f1b00,0x0000000097a00000)
 Metaspace       used 211562K, capacity 222538K, committed 228416K, reserved 1249280K
  class space    used 26348K, capacity 28469K, committed 29528K, reserved 1048576K
}
Event: 40573.206 GC heap before
{Heap before GC invocations=174 (full 16):
 PSYoungGen      total 632832K, used 580368K [0x00000000d5580000, 0x00000000fff80000, 0x0000000100000000)
  eden space 570368K, 100% used [0x00000000d5580000,0x00000000f8280000,0x00000000f8280000)
  from space 62464K, 16% used [0x00000000f8280000,0x00000000f8c44010,0x00000000fbf80000)
  to   space 60928K, 0% used [0x00000000fc400000,0x00000000fc400000,0x00000000fff80000)
 ParOldGen       total 387072K, used 280518K [0x0000000080000000, 0x0000000097a00000, 0x00000000d5580000)
  object space 387072K, 72% used [0x0000000080000000,0x00000000911f1b00,0x0000000097a00000)
 Metaspace       used 211573K, capacity 222550K, committed 228416K, reserved 1249280K
  class space    used 26349K, capacity 28471K, committed 29528K, reserved 1048576K
Event: 40573.993 GC heap after
Heap after GC invocations=174 (full 16):
 PSYoungGen      total 583680K, used 60904K [0x00000000d5580000, 0x0000000100000000, 0x0000000100000000)
  eden space 522752K, 0% used [0x00000000d5580000,0x00000000d5580000,0x00000000f5400000)
  from space 60928K, 99% used [0x00000000fc400000,0x00000000fff7a1d8,0x00000000fff80000)
  to   space 88064K, 0% used [0x00000000f5400000,0x00000000f5400000,0x00000000faa00000)
 ParOldGen       total 387072K, used 324555K [0x0000000080000000, 0x0000000097a00000, 0x00000000d5580000)
  object space 387072K, 83% used [0x0000000080000000,0x0000000093cf2d70,0x0000000097a00000)
 Metaspace       used 211573K, capacity 222550K, committed 228416K, reserved 1249280K
  class space    used 26349K, capacity 28471K, committed 29528K, reserved 1048576K
}

